<?xml version="1.0" encoding="UTF-8"?>
<coverage generated="1503394653020" clover="3.2.0">
  <project timestamp="1503394653020" name="All files">
    <metrics statements="21" coveredstatements="16" conditionals="4" coveredconditionals="0" methods="11" coveredmethods="10" elements="36" coveredelements="26" complexity="0" loc="21" ncloc="21" packages="2" files="3" classes="3">
      <package name="src">
        <metrics statements="5" coveredstatements="0" conditionals="4" coveredconditionals="0" methods="1" coveredmethods="0"/>
        <file name="index.js" path="/Users/davidmcdeavitt/reactLearning/testing/src/index.js">
          <metrics statements="5" coveredstatements="0" conditionals="4" coveredconditionals="0" methods="1" coveredmethods="0"/>
          <line num="1" count="0" type="stmt"/>
          <line num="2" count="0" type="stmt"/>
          <line num="3" count="0" type="stmt"/>
          <line num="4" count="0" type="cond" truecount="0" falsecount="4"/>
          <line num="8" count="0" type="stmt"/>
        </file>
      </package>
      <package name="src.components">
        <metrics statements="16" coveredstatements="16" conditionals="0" coveredconditionals="0" methods="10" coveredmethods="10"/>
        <file name="App.js" path="/Users/davidmcdeavitt/reactLearning/testing/src/components/App.js">
          <metrics statements="15" coveredstatements="15" conditionals="0" coveredconditionals="0" methods="9" coveredmethods="9"/>
          <line num="6" count="1" type="stmt"/>
          <line num="10" count="2" type="stmt"/>
          <line num="12" count="2" type="stmt"/>
          <line num="20" count="2" type="stmt"/>
          <line num="24" count="3" type="stmt"/>
          <line num="26" count="3" type="stmt"/>
          <line num="28" count="3" type="stmt"/>
          <line num="30" count="3" type="stmt"/>
          <line num="35" count="4" type="stmt"/>
          <line num="37" count="4" type="stmt"/>
          <line num="41" count="15" type="stmt"/>
          <line num="45" count="4" type="stmt"/>
          <line num="47" count="3" type="stmt"/>
          <line num="51" count="4" type="stmt"/>
          <line num="57" count="4" type="stmt"/>
        </file>
        <file name="Note.js" path="/Users/davidmcdeavitt/reactLearning/testing/src/components/Note.js">
          <metrics statements="1" coveredstatements="1" conditionals="0" coveredconditionals="0" methods="1" coveredmethods="1"/>
          <line num="5" count="5" type="stmt"/>
        </file>
      </package>
    </metrics>
  </project>
</coverage>
