{"/Users/davidmcdeavitt/reactLearning/testing/src/index.js": {"path":"/Users/davidmcdeavitt/reactLearning/testing/src/index.js","statementMap":{"0":{"start":{"line":1,"column":32},"end":{"line":1,"column":90}},"1":{"start":{"line":1,"column":104},"end":{"line":1,"column":120}},"2":{"start":{"line":1,"column":135},"end":{"line":1,"column":165}},"3":{"start":{"line":2,"column":16},"end":{"line":2,"column":36}},"4":{"start":{"line":2,"column":54},"end":{"line":2,"column":87}},"5":{"start":{"line":3,"column":11},"end":{"line":3,"column":38}},"6":{"start":{"line":3,"column":51},"end":{"line":3,"column":79}},"7":{"start":{"line":4,"column":0},"end":{"line":4,"column":23}},"8":{"start":{"line":4,"column":61},"end":{"line":4,"column":115}},"9":{"start":{"line":8,"column":0},"end":{"line":8,"column":181}}},"fnMap":{"0":{"name":"_interopRequireDefault","decl":{"start":{"line":4,"column":32},"end":{"line":4,"column":54}},"loc":{"start":{"line":4,"column":60},"end":{"line":4,"column":116}},"line":4}},"branchMap":{"0":{"loc":{"start":{"line":4,"column":68},"end":{"line":4,"column":114}},"type":"cond-expr","locations":[{"start":{"line":4,"column":92},"end":{"line":4,"column":95}},{"start":{"line":4,"column":98},"end":{"line":4,"column":114}}],"line":4},"1":{"loc":{"start":{"line":4,"column":68},"end":{"line":4,"column":89}},"type":"binary-expr","locations":[{"start":{"line":4,"column":68},"end":{"line":4,"column":71}},{"start":{"line":4,"column":75},"end":{"line":4,"column":89}}],"line":4}},"s":{"0":0,"1":0,"2":0,"3":0,"4":0,"5":0,"6":0,"7":0,"8":0,"9":0},"f":{"0":0},"b":{"0":[0,0],"1":[0,0]}}
,"/Users/davidmcdeavitt/reactLearning/testing/src/components/App.js": {"path":"/Users/davidmcdeavitt/reactLearning/testing/src/components/App.js","statementMap":{"0":{"start":{"line":6,"column":19},"end":{"line":6,"column":26}},"1":{"start":{"line":10,"column":8},"end":{"line":10,"column":16}},"2":{"start":{"line":12,"column":8},"end":{"line":15,"column":9}},"3":{"start":{"line":20,"column":8},"end":{"line":20,"column":58}},"4":{"start":{"line":24,"column":32},"end":{"line":24,"column":42}},"5":{"start":{"line":26,"column":8},"end":{"line":26,"column":27}},"6":{"start":{"line":28,"column":8},"end":{"line":28,"column":33}},"7":{"start":{"line":30,"column":8},"end":{"line":30,"column":50}},"8":{"start":{"line":35,"column":8},"end":{"line":35,"column":34}},"9":{"start":{"line":37,"column":8},"end":{"line":37,"column":37}},"10":{"start":{"line":41,"column":8},"end":{"line":59,"column":9}},"11":{"start":{"line":45,"column":52},"end":{"line":45,"column":95}},"12":{"start":{"line":47,"column":43},"end":{"line":47,"column":56}},"13":{"start":{"line":51,"column":22},"end":{"line":53,"column":23}},"14":{"start":{"line":57,"column":39},"end":{"line":57,"column":51}}},"fnMap":{"0":{"name":"(anonymous_0)","decl":{"start":{"line":9,"column":4},"end":{"line":9,"column":5}},"loc":{"start":{"line":9,"column":18},"end":{"line":16,"column":5}},"line":9},"1":{"name":"(anonymous_1)","decl":{"start":{"line":18,"column":4},"end":{"line":18,"column":5}},"loc":{"start":{"line":18,"column":24},"end":{"line":21,"column":5}},"line":18},"2":{"name":"(anonymous_2)","decl":{"start":{"line":23,"column":4},"end":{"line":23,"column":5}},"loc":{"start":{"line":23,"column":13},"end":{"line":32,"column":5}},"line":23},"3":{"name":"(anonymous_3)","decl":{"start":{"line":34,"column":4},"end":{"line":34,"column":5}},"loc":{"start":{"line":34,"column":12},"end":{"line":38,"column":5}},"line":34},"4":{"name":"(anonymous_4)","decl":{"start":{"line":40,"column":4},"end":{"line":40,"column":5}},"loc":{"start":{"line":40,"column":13},"end":{"line":60,"column":5}},"line":40},"5":{"name":"(anonymous_5)","decl":{"start":{"line":45,"column":43},"end":{"line":45,"column":44}},"loc":{"start":{"line":45,"column":52},"end":{"line":45,"column":95}},"line":45},"6":{"name":"(anonymous_6)","decl":{"start":{"line":47,"column":37},"end":{"line":47,"column":38}},"loc":{"start":{"line":47,"column":43},"end":{"line":47,"column":56}},"line":47},"7":{"name":"(anonymous_7)","decl":{"start":{"line":50,"column":41},"end":{"line":50,"column":42}},"loc":{"start":{"line":50,"column":58},"end":{"line":54,"column":21}},"line":50},"8":{"name":"(anonymous_8)","decl":{"start":{"line":57,"column":33},"end":{"line":57,"column":34}},"loc":{"start":{"line":57,"column":39},"end":{"line":57,"column":51}},"line":57}},"branchMap":{},"s":{"0":1,"1":2,"2":2,"3":2,"4":3,"5":3,"6":3,"7":3,"8":4,"9":4,"10":15,"11":4,"12":3,"13":4,"14":4},"f":{"0":2,"1":2,"2":3,"3":4,"4":15,"5":4,"6":3,"7":4,"8":4},"b":{},"_coverageSchema":"332fd63041d2c1bcb487cc26dd0d5f7d97098a6c","hash":"bb8de90b7af0660094217695942f418a387a886d"}
,"/Users/davidmcdeavitt/reactLearning/testing/src/components/Note.js": {"path":"/Users/davidmcdeavitt/reactLearning/testing/src/components/Note.js","statementMap":{"0":{"start":{"line":5,"column":8},"end":{"line":9,"column":9}}},"fnMap":{"0":{"name":"(anonymous_0)","decl":{"start":{"line":4,"column":4},"end":{"line":4,"column":5}},"loc":{"start":{"line":4,"column":13},"end":{"line":10,"column":5}},"line":4}},"branchMap":{},"s":{"0":5},"f":{"0":5},"b":{},"_coverageSchema":"332fd63041d2c1bcb487cc26dd0d5f7d97098a6c","hash":"05418de65aec2b89afe77de34eeeb9bf4b93e1f4"}
}
